<?xml version="1.0" encoding="UTF-8"?>
<testng-results ignored="0" total="1" passed="1" failed="0" skipped="0">
  <reporter-output>
  </reporter-output>
  <suite started-at="2023-07-28T08:28:00 IST" name="Default suite" finished-at="2023-07-28T08:28:09 IST" duration-ms="9493">
    <groups>
    </groups>
    <test started-at="2023-07-28T08:28:00 IST" name="Default test" finished-at="2023-07-28T08:28:09 IST" duration-ms="9493">
      <class name="testscripts.regression.ValidateLoginPOM">
        <test-method is-config="true" signature="fileSetUp()[pri:0, instance:testscripts.regression.ValidateLoginPOM@1e6a3214]" started-at="2023-07-28T08:28:00 IST" name="fileSetUp" finished-at="2023-07-28T08:28:00 IST" duration-ms="8" status="PASS">
          <reporter-output>
          </reporter-output>
        </test-method> <!-- fileSetUp -->
        <test-method is-config="true" signature="setUp()[pri:0, instance:testscripts.regression.ValidateLoginPOM@1e6a3214]" started-at="2023-07-28T08:28:00 IST" name="setUp" finished-at="2023-07-28T08:28:05 IST" duration-ms="5471" status="PASS">
          <reporter-output>
          </reporter-output>
        </test-method> <!-- setUp -->
        <test-method signature="ValidateLoginTest()[pri:0, instance:testscripts.regression.ValidateLoginPOM@1e6a3214]" started-at="2023-07-28T08:28:05 IST" name="ValidateLoginTest" finished-at="2023-07-28T08:28:09 IST" duration-ms="3735" status="PASS">
          <reporter-output>
          </reporter-output>
        </test-method> <!-- ValidateLoginTest -->
        <test-method is-config="true" signature="teardown()[pri:0, instance:testscripts.regression.ValidateLoginPOM@1e6a3214]" started-at="2023-07-28T08:28:09 IST" name="teardown" finished-at="2023-07-28T08:28:09 IST" duration-ms="249" status="PASS">
          <reporter-output>
          </reporter-output>
        </test-method> <!-- teardown -->
      </class> <!-- testscripts.regression.ValidateLoginPOM -->
    </test> <!-- Default test -->
  </suite> <!-- Default suite -->
</testng-results>
